This file contains any messages produced by compilers while
running configure, to aid debugging if configure makes a mistake.

It was created by configure, which was
generated by GNU Autoconf 2.64.  Invocation command line was

  $ ./configure --disable-gifview --disable-gifdiff

## --------- ##
## Platform. ##
## --------- ##

hostname = Kendricks-MacBook-Pro.local
uname -m = x86_64
uname -r = 14.4.0
uname -s = Darwin
uname -v = Darwin Kernel Version 14.4.0: Thu May 28 11:35:04 PDT 2015; root:xnu-2782.30.5~1/RELEASE_X86_64

/usr/bin/uname -p = i386
/bin/uname -X     = unknown

/bin/arch              = unknown
/usr/bin/arch -k       = unknown
/usr/convex/getsysinfo = unknown
/usr/bin/hostinfo      = Mach kernel version:
	 Darwin Kernel Version 14.4.0: Thu May 28 11:35:04 PDT 2015; root:xnu-2782.30.5~1/RELEASE_X86_64
Kernel configured for up to 8 processors.
4 processors are physically available.
8 processors are logically available.
Processor type: x86_64h (Intel x86-64h Haswell)
Processors active: 0 1 2 3 4 5 6 7
Primary memory available: 16.00 gigabytes
Default processor set: 310 tasks, 2140 threads, 8 processors
Load average: 2.85, Mach factor: 5.16
/bin/machine           = unknown
/usr/bin/oslevel       = unknown
/bin/universe          = unknown

PATH: /usr/local/bin
PATH: /usr/bin
PATH: /bin
PATH: /usr/sbin
PATH: /sbin


## ----------- ##
## Core tests. ##
## ----------- ##

configure:2397: checking for a BSD-compatible install
configure:2465: result: /usr/bin/install -c
configure:2476: checking whether build environment is sane
configure:2526: result: yes
configure:2667: checking for a thread-safe mkdir -p
configure:2706: result: ./install-sh -c -d
configure:2719: checking for gawk
configure:2749: result: no
configure:2719: checking for mawk
configure:2749: result: no
configure:2719: checking for nawk
configure:2749: result: no
configure:2719: checking for awk
configure:2735: found /usr/bin/awk
configure:2746: result: awk
configure:2757: checking whether make sets $(MAKE)
configure:2779: result: yes
configure:2910: checking for gcc
configure:2926: found /usr/bin/gcc
configure:2937: result: gcc
configure:3166: checking for C compiler version
configure:3175: gcc --version >&5
Apple LLVM version 7.0.0 (clang-700.1.76)
Target: x86_64-apple-darwin14.4.0
Thread model: posix
Configured with: --prefix=/Library/Developer/CommandLineTools/usr --with-gxx-include-dir=/usr/include/c++/4.2.1
configure:3186: $? = 0
configure:3175: gcc -v >&5
Configured with: --prefix=/Library/Developer/CommandLineTools/usr --with-gxx-include-dir=/usr/include/c++/4.2.1
Apple LLVM version 7.0.0 (clang-700.1.76)
Target: x86_64-apple-darwin14.4.0
Thread model: posix
configure:3186: $? = 0
configure:3175: gcc -V >&5
clang: error: argument to '-V' is missing (expected 1 value)
clang: error: no input files
configure:3186: $? = 1
configure:3175: gcc -qversion >&5
clang: error: unknown argument: '-qversion'
clang: error: no input files
configure:3186: $? = 1
configure:3208: checking for C compiler default output file name
configure:3230: gcc    conftest.c  >&5
configure:3234: $? = 0
configure:3271: result: a.out
configure:3287: checking whether the C compiler works
configure:3296: ./a.out
configure:3300: $? = 0
configure:3315: result: yes
configure:3322: checking whether we are cross compiling
configure:3324: result: no
configure:3327: checking for suffix of executables
configure:3334: gcc -o conftest    conftest.c  >&5
configure:3338: $? = 0
configure:3360: result: 
configure:3366: checking for suffix of object files
configure:3388: gcc -c   conftest.c >&5
configure:3392: $? = 0
configure:3413: result: o
configure:3417: checking whether we are using the GNU C compiler
configure:3436: gcc -c   conftest.c >&5
configure:3436: $? = 0
configure:3445: result: yes
configure:3454: checking whether gcc accepts -g
configure:3474: gcc -c -g  conftest.c >&5
configure:3474: $? = 0
configure:3515: result: yes
configure:3532: checking for gcc option to accept ISO C89
configure:3596: gcc  -c -g -O2  conftest.c >&5
configure:3596: $? = 0
configure:3609: result: none needed
configure:3640: checking for style of include used by make
configure:3668: result: GNU
configure:3693: checking dependency style of gcc
configure:3803: result: gcc3
configure:3823: checking how to run the C preprocessor
configure:3854: gcc -E  conftest.c
configure:3854: $? = 0
configure:3868: gcc -E  conftest.c
conftest.c:11:10: fatal error: 'ac_nonexistent.h' file not found
#include <ac_nonexistent.h>
         ^
1 error generated.
configure:3868: $? = 1
configure: failed program was:
| /* confdefs.h */
| #define PACKAGE_NAME ""
| #define PACKAGE_TARNAME ""
| #define PACKAGE_VERSION ""
| #define PACKAGE_STRING ""
| #define PACKAGE_BUGREPORT ""
| #define PACKAGE_URL ""
| #define PACKAGE "gifsicle"
| #define VERSION "1.60"
| /* end confdefs.h.  */
| #include <ac_nonexistent.h>
configure:3893: result: gcc -E
configure:3913: gcc -E  conftest.c
configure:3913: $? = 0
configure:3927: gcc -E  conftest.c
conftest.c:11:10: fatal error: 'ac_nonexistent.h' file not found
#include <ac_nonexistent.h>
         ^
1 error generated.
configure:3927: $? = 1
configure: failed program was:
| /* confdefs.h */
| #define PACKAGE_NAME ""
| #define PACKAGE_TARNAME ""
| #define PACKAGE_VERSION ""
| #define PACKAGE_STRING ""
| #define PACKAGE_BUGREPORT ""
| #define PACKAGE_URL ""
| #define PACKAGE "gifsicle"
| #define VERSION "1.60"
| /* end confdefs.h.  */
| #include <ac_nonexistent.h>
configure:3956: checking for an ANSI C-conforming const
configure:4021: gcc -c -g -O2  conftest.c >&5
configure:4021: $? = 0
configure:4028: result: yes
configure:4036: checking for inline
configure:4052: gcc -c -g -O2  conftest.c >&5
configure:4052: $? = 0
configure:4060: result: inline
configure:4931: checking for random
configure:4931: gcc -o conftest -g -O2   conftest.c  >&5
configure:4931: $? = 0
configure:4931: result: yes
configure:4946: checking for strerror
configure:4946: gcc -o conftest -g -O2   conftest.c  >&5
conftest.c:36:6: warning: incompatible redeclaration of library function 'strerror' [-Wincompatible-library-redeclaration]
char strerror ();
     ^
conftest.c:36:6: note: 'strerror' is a builtin with type 'char *(int)'
1 warning generated.
configure:4946: $? = 0
configure:4946: result: yes
configure:4966: checking for strtoul
configure:4966: gcc -o conftest -g -O2   conftest.c  >&5
configure:4966: $? = 0
configure:4966: result: yes
configure:4966: checking for mkstemp
configure:4966: gcc -o conftest -g -O2   conftest.c  >&5
configure:4966: $? = 0
configure:4966: result: yes
configure:4977: checking for grep that handles long lines and -e
configure:5035: result: /usr/bin/grep
configure:5040: checking for egrep
configure:5102: result: /usr/bin/grep -E
configure:5107: checking for ANSI C header files
configure:5127: gcc -c -g -O2  conftest.c >&5
configure:5127: $? = 0
configure:5200: gcc -o conftest -g -O2   conftest.c  >&5
configure:5200: $? = 0
configure:5200: ./conftest
configure:5200: $? = 0
configure:5211: result: yes
configure:5224: checking for sys/types.h
configure:5224: gcc -c -g -O2  conftest.c >&5
configure:5224: $? = 0
configure:5224: result: yes
configure:5224: checking for sys/stat.h
configure:5224: gcc -c -g -O2  conftest.c >&5
configure:5224: $? = 0
configure:5224: result: yes
configure:5224: checking for stdlib.h
configure:5224: gcc -c -g -O2  conftest.c >&5
configure:5224: $? = 0
configure:5224: result: yes
configure:5224: checking for string.h
configure:5224: gcc -c -g -O2  conftest.c >&5
configure:5224: $? = 0
configure:5224: result: yes
configure:5224: checking for memory.h
configure:5224: gcc -c -g -O2  conftest.c >&5
configure:5224: $? = 0
configure:5224: result: yes
configure:5224: checking for strings.h
configure:5224: gcc -c -g -O2  conftest.c >&5
configure:5224: $? = 0
configure:5224: result: yes
configure:5224: checking for inttypes.h
configure:5224: gcc -c -g -O2  conftest.c >&5
configure:5224: $? = 0
configure:5224: result: yes
configure:5224: checking for stdint.h
configure:5224: gcc -c -g -O2  conftest.c >&5
configure:5224: $? = 0
configure:5224: result: yes
configure:5224: checking for unistd.h
configure:5224: gcc -c -g -O2  conftest.c >&5
configure:5224: $? = 0
configure:5224: result: yes
configure:5240: checking sys/select.h usability
configure:5240: gcc -c -g -O2  conftest.c >&5
configure:5240: $? = 0
configure:5240: result: yes
configure:5240: checking sys/select.h presence
configure:5240: gcc -E  conftest.c
configure:5240: $? = 0
configure:5240: result: yes
configure:5240: checking for sys/select.h
configure:5240: result: yes
configure:5240: checking for inttypes.h
configure:5240: result: yes
configure:5240: checking for unistd.h
configure:5240: result: yes
configure:5256: checking for inttypes.h
configure:5256: result: yes
configure:5270: checking for sys/types.h
configure:5270: result: yes
configure:5355: checking for uintptr_t
configure:5355: gcc -c -g -O2  conftest.c >&5
configure:5355: $? = 0
configure:5355: gcc -c -g -O2  conftest.c >&5
conftest.c:42:24: error: expected expression
if (sizeof ((uintptr_t)))
                       ^
1 error generated.
configure:5355: $? = 1
configure: failed program was:
| /* confdefs.h */
| #define PACKAGE_NAME ""
| #define PACKAGE_TARNAME ""
| #define PACKAGE_VERSION ""
| #define PACKAGE_STRING ""
| #define PACKAGE_BUGREPORT ""
| #define PACKAGE_URL ""
| #define PACKAGE "gifsicle"
| #define VERSION "1.60"
| #define X_DISPLAY_MISSING 1
| #define RANDOM random
| #define HAVE_STRERROR 1
| #define HAVE_STRTOUL 1
| #define HAVE_MKSTEMP 1
| #define STDC_HEADERS 1
| #define HAVE_SYS_TYPES_H 1
| #define HAVE_SYS_STAT_H 1
| #define HAVE_STDLIB_H 1
| #define HAVE_STRING_H 1
| #define HAVE_MEMORY_H 1
| #define HAVE_STRINGS_H 1
| #define HAVE_INTTYPES_H 1
| #define HAVE_STDINT_H 1
| #define HAVE_UNISTD_H 1
| #define HAVE_SYS_SELECT_H 1
| #define HAVE_INTTYPES_H 1
| #define HAVE_UNISTD_H 1
| #define HAVE_INTTYPES_H 1
| #define HAVE_SYS_TYPES_H 1
| /* end confdefs.h.  */
| #if HAVE_INTTYPES_H
| # include <inttypes.h>
| #endif
| #if HAVE_SYS_TYPES_H
| # include <sys/types.h>
| #endif
| 
| 
| int
| main ()
| {
| if (sizeof ((uintptr_t)))
| 	    return 0;
|   ;
|   return 0;
| }
configure:5355: result: yes
configure:5377: checking size of void *
configure:5382: gcc -o conftest -g -O2   conftest.c  >&5
configure:5382: $? = 0
configure:5382: ./conftest
configure:5382: $? = 0
configure:5397: result: 8
configure:5411: checking size of unsigned long
configure:5416: gcc -o conftest -g -O2   conftest.c  >&5
configure:5416: $? = 0
configure:5416: ./conftest
configure:5416: $? = 0
configure:5431: result: 8
configure:5445: checking size of unsigned int
configure:5450: gcc -o conftest -g -O2   conftest.c  >&5
configure:5450: $? = 0
configure:5450: ./conftest
configure:5450: $? = 0
configure:5465: result: 4
configure:5615: creating ./config.status

## ---------------------- ##
## Running config.status. ##
## ---------------------- ##

This file was extended by config.status, which was
generated by GNU Autoconf 2.64.  Invocation command line was

  CONFIG_FILES    = 
  CONFIG_HEADERS  = 
  CONFIG_LINKS    = 
  CONFIG_COMMANDS = 
  $ ./config.status 

on Kendricks-MacBook-Pro.local

config.status:871: creating Makefile
config.status:871: creating src/Makefile
config.status:871: creating config.h
config.status:1091: executing depfiles commands

## ---------------- ##
## Cache variables. ##
## ---------------- ##

ac_cv_c_compiler_gnu=yes
ac_cv_c_const=yes
ac_cv_c_inline=inline
ac_cv_env_CC_set=
ac_cv_env_CC_value=
ac_cv_env_CFLAGS_set=
ac_cv_env_CFLAGS_value=
ac_cv_env_CPPFLAGS_set=
ac_cv_env_CPPFLAGS_value=
ac_cv_env_CPP_set=
ac_cv_env_CPP_value=
ac_cv_env_LDFLAGS_set=
ac_cv_env_LDFLAGS_value=
ac_cv_env_LIBS_set=
ac_cv_env_LIBS_value=
ac_cv_env_XMKMF_set=
ac_cv_env_XMKMF_value=
ac_cv_env_build_alias_set=
ac_cv_env_build_alias_value=
ac_cv_env_host_alias_set=
ac_cv_env_host_alias_value=
ac_cv_env_target_alias_set=
ac_cv_env_target_alias_value=
ac_cv_func_mkstemp=yes
ac_cv_func_random=yes
ac_cv_func_strerror=yes
ac_cv_func_strtoul=yes
ac_cv_header_inttypes_h=yes
ac_cv_header_memory_h=yes
ac_cv_header_stdc=yes
ac_cv_header_stdint_h=yes
ac_cv_header_stdlib_h=yes
ac_cv_header_string_h=yes
ac_cv_header_strings_h=yes
ac_cv_header_sys_select_h=yes
ac_cv_header_sys_stat_h=yes
ac_cv_header_sys_types_h=yes
ac_cv_header_unistd_h=yes
ac_cv_objext=o
ac_cv_path_EGREP='/usr/bin/grep -E'
ac_cv_path_GREP=/usr/bin/grep
ac_cv_path_install='/usr/bin/install -c'
ac_cv_prog_AWK=awk
ac_cv_prog_CPP='gcc -E'
ac_cv_prog_ac_ct_CC=gcc
ac_cv_prog_cc_c89=
ac_cv_prog_cc_g=yes
ac_cv_prog_make_make_set=yes
ac_cv_sizeof_unsigned_int=4
ac_cv_sizeof_unsigned_long=8
ac_cv_sizeof_void_p=8
ac_cv_type_uintptr_t=yes
am_cv_CC_dependencies_compiler_type=gcc3

## ----------------- ##
## Output variables. ##
## ----------------- ##

ACLOCAL='${SHELL} /Users/kendrickgardner/vagrant-lamp/sites/swifttax.dev/public/img/gifsicle-1.60/missing --run aclocal-1.11'
AMDEPBACKSLASH='\'
AMDEP_FALSE='#'
AMDEP_TRUE=''
AMTAR='${SHELL} /Users/kendrickgardner/vagrant-lamp/sites/swifttax.dev/public/img/gifsicle-1.60/missing --run tar'
AUTOCONF='${SHELL} /Users/kendrickgardner/vagrant-lamp/sites/swifttax.dev/public/img/gifsicle-1.60/missing --run autoconf'
AUTOHEADER='${SHELL} /Users/kendrickgardner/vagrant-lamp/sites/swifttax.dev/public/img/gifsicle-1.60/missing --run autoheader'
AUTOMAKE='${SHELL} /Users/kendrickgardner/vagrant-lamp/sites/swifttax.dev/public/img/gifsicle-1.60/missing --run automake-1.11'
AWK='awk'
CC='gcc'
CCDEPMODE='depmode=gcc3'
CFLAGS='-g -O2'
CPP='gcc -E'
CPPFLAGS=''
CYGPATH_W='echo'
DEFS='-DHAVE_CONFIG_H'
DEPDIR='.deps'
ECHO_C='\c'
ECHO_N=''
ECHO_T=''
EGREP='/usr/bin/grep -E'
EXEEXT=''
GIFWRITE_O='gifwrite.o'
GREP='/usr/bin/grep'
INSTALL_DATA='${INSTALL} -m 644'
INSTALL_PROGRAM='${INSTALL}'
INSTALL_SCRIPT='${INSTALL}'
INSTALL_STRIP_PROGRAM='$(install_sh) -c -s'
LDFLAGS=''
LIBOBJS=''
LIBS=''
LTLIBOBJS=''
MAKEINFO='${SHELL} /Users/kendrickgardner/vagrant-lamp/sites/swifttax.dev/public/img/gifsicle-1.60/missing --run makeinfo'
MALLOC_O='fmalloc.o'
MKDIR_P='./install-sh -c -d'
OBJEXT='o'
OTHERMANS=''
OTHERPROGRAMS=''
PACKAGE='gifsicle'
PACKAGE_BUGREPORT=''
PACKAGE_NAME=''
PACKAGE_STRING=''
PACKAGE_TARNAME=''
PACKAGE_URL=''
PACKAGE_VERSION=''
PATH_SEPARATOR=':'
SET_MAKE=''
SHELL='/bin/sh'
STRIP=''
VERSION='1.60'
XMKMF=''
X_CFLAGS=''
X_EXTRA_LIBS=''
X_LIBS=''
X_PRE_LIBS=''
ac_ct_CC='gcc'
am__EXEEXT_FALSE=''
am__EXEEXT_TRUE='#'
am__fastdepCC_FALSE='#'
am__fastdepCC_TRUE=''
am__include='include'
am__isrc=''
am__leading_dot='.'
am__quote=''
am__tar='${AMTAR} chof - "$$tardir"'
am__untar='${AMTAR} xf -'
bindir='${exec_prefix}/bin'
build_alias=''
datadir='${datarootdir}'
datarootdir='${prefix}/share'
docdir='${datarootdir}/doc/${PACKAGE}'
dvidir='${docdir}'
exec_prefix='${prefix}'
host_alias=''
htmldir='${docdir}'
includedir='${prefix}/include'
infodir='${datarootdir}/info'
install_sh='${SHELL} /Users/kendrickgardner/vagrant-lamp/sites/swifttax.dev/public/img/gifsicle-1.60/install-sh'
libdir='${exec_prefix}/lib'
libexecdir='${exec_prefix}/libexec'
localedir='${datarootdir}/locale'
localstatedir='${prefix}/var'
mandir='${datarootdir}/man'
mkdir_p='$(top_builddir)/./install-sh -c -d'
oldincludedir='/usr/include'
pdfdir='${docdir}'
prefix='/usr/local'
program_transform_name='s,x,x,'
psdir='${docdir}'
sbindir='${exec_prefix}/sbin'
sharedstatedir='${prefix}/com'
sysconfdir='${prefix}/etc'
target_alias=''

## ----------- ##
## confdefs.h. ##
## ----------- ##

/* confdefs.h */
#define PACKAGE_NAME ""
#define PACKAGE_TARNAME ""
#define PACKAGE_VERSION ""
#define PACKAGE_STRING ""
#define PACKAGE_BUGREPORT ""
#define PACKAGE_URL ""
#define PACKAGE "gifsicle"
#define VERSION "1.60"
#define X_DISPLAY_MISSING 1
#define RANDOM random
#define HAVE_STRERROR 1
#define HAVE_STRTOUL 1
#define HAVE_MKSTEMP 1
#define STDC_HEADERS 1
#define HAVE_SYS_TYPES_H 1
#define HAVE_SYS_STAT_H 1
#define HAVE_STDLIB_H 1
#define HAVE_STRING_H 1
#define HAVE_MEMORY_H 1
#define HAVE_STRINGS_H 1
#define HAVE_INTTYPES_H 1
#define HAVE_STDINT_H 1
#define HAVE_UNISTD_H 1
#define HAVE_SYS_SELECT_H 1
#define HAVE_INTTYPES_H 1
#define HAVE_UNISTD_H 1
#define HAVE_INTTYPES_H 1
#define HAVE_SYS_TYPES_H 1
#define HAVE_UINTPTR_T 1
#define SIZEOF_VOID_P 8
#define SIZEOF_UNSIGNED_LONG 8
#define SIZEOF_UNSIGNED_INT 4
#define PATHNAME_SEPARATOR '/'

configure: exit 0
